<?xml version="1.0" encoding="UTF-8"?>
<testsuite xmlns:xsi="http://www.w3.org/2001/XMLSchema-instance" xsi:noNamespaceSchemaLocation="https://maven.apache.org/surefire/maven-surefire-plugin/xsd/surefire-test-report.xsd" name="com.scode.contractTest.ContractVerifierTest" time="0.434" tests="1" errors="0" skipped="0" failures="0">
  <properties>
    <property name="java.specification.version" value="17"/>
    <property name="sun.jnu.encoding" value="UTF-8"/>
    <property name="java.class.path" value="/Users/santanu/Home/Workspace/GitHub/spring-cdc/target/test-classes:/Users/santanu/Home/Workspace/GitHub/spring-cdc/target/classes:/Users/santanu/.m2/repository/org/springframework/boot/spring-boot-starter-web/3.0.1/spring-boot-starter-web-3.0.1.jar:/Users/santanu/.m2/repository/org/springframework/boot/spring-boot-starter/3.0.1/spring-boot-starter-3.0.1.jar:/Users/santanu/.m2/repository/org/springframework/boot/spring-boot/3.0.1/spring-boot-3.0.1.jar:/Users/santanu/.m2/repository/org/springframework/boot/spring-boot-autoconfigure/3.0.1/spring-boot-autoconfigure-3.0.1.jar:/Users/santanu/.m2/repository/org/springframework/boot/spring-boot-starter-logging/3.0.1/spring-boot-starter-logging-3.0.1.jar:/Users/santanu/.m2/repository/ch/qos/logback/logback-classic/1.4.5/logback-classic-1.4.5.jar:/Users/santanu/.m2/repository/ch/qos/logback/logback-core/1.4.5/logback-core-1.4.5.jar:/Users/santanu/.m2/repository/org/apache/logging/log4j/log4j-to-slf4j/2.19.0/log4j-to-slf4j-2.19.0.jar:/Users/santanu/.m2/repository/org/apache/logging/log4j/log4j-api/2.19.0/log4j-api-2.19.0.jar:/Users/santanu/.m2/repository/org/slf4j/jul-to-slf4j/2.0.6/jul-to-slf4j-2.0.6.jar:/Users/santanu/.m2/repository/jakarta/annotation/jakarta.annotation-api/2.1.1/jakarta.annotation-api-2.1.1.jar:/Users/santanu/.m2/repository/org/yaml/snakeyaml/1.33/snakeyaml-1.33.jar:/Users/santanu/.m2/repository/org/springframework/boot/spring-boot-starter-json/3.0.1/spring-boot-starter-json-3.0.1.jar:/Users/santanu/.m2/repository/com/fasterxml/jackson/core/jackson-databind/2.14.1/jackson-databind-2.14.1.jar:/Users/santanu/.m2/repository/com/fasterxml/jackson/core/jackson-annotations/2.14.1/jackson-annotations-2.14.1.jar:/Users/santanu/.m2/repository/com/fasterxml/jackson/datatype/jackson-datatype-jdk8/2.14.1/jackson-datatype-jdk8-2.14.1.jar:/Users/santanu/.m2/repository/com/fasterxml/jackson/datatype/jackson-datatype-jsr310/2.14.1/jackson-datatype-jsr310-2.14.1.jar:/Users/santanu/.m2/repository/com/fasterxml/jackson/module/jackson-module-parameter-names/2.14.1/jackson-module-parameter-names-2.14.1.jar:/Users/santanu/.m2/repository/org/springframework/boot/spring-boot-starter-tomcat/3.0.1/spring-boot-starter-tomcat-3.0.1.jar:/Users/santanu/.m2/repository/org/apache/tomcat/embed/tomcat-embed-core/10.1.4/tomcat-embed-core-10.1.4.jar:/Users/santanu/.m2/repository/org/apache/tomcat/embed/tomcat-embed-el/10.1.4/tomcat-embed-el-10.1.4.jar:/Users/santanu/.m2/repository/org/apache/tomcat/embed/tomcat-embed-websocket/10.1.4/tomcat-embed-websocket-10.1.4.jar:/Users/santanu/.m2/repository/org/springframework/spring-web/6.0.3/spring-web-6.0.3.jar:/Users/santanu/.m2/repository/org/springframework/spring-beans/6.0.3/spring-beans-6.0.3.jar:/Users/santanu/.m2/repository/io/micrometer/micrometer-observation/1.10.2/micrometer-observation-1.10.2.jar:/Users/santanu/.m2/repository/io/micrometer/micrometer-commons/1.10.2/micrometer-commons-1.10.2.jar:/Users/santanu/.m2/repository/org/springframework/spring-webmvc/6.0.3/spring-webmvc-6.0.3.jar:/Users/santanu/.m2/repository/org/springframework/spring-aop/6.0.3/spring-aop-6.0.3.jar:/Users/santanu/.m2/repository/org/springframework/spring-context/6.0.3/spring-context-6.0.3.jar:/Users/santanu/.m2/repository/org/springframework/spring-expression/6.0.3/spring-expression-6.0.3.jar:/Users/santanu/.m2/repository/org/projectlombok/lombok/1.18.24/lombok-1.18.24.jar:/Users/santanu/.m2/repository/org/springdoc/springdoc-openapi-ui/1.6.7/springdoc-openapi-ui-1.6.7.jar:/Users/santanu/.m2/repository/org/springdoc/springdoc-openapi-webmvc-core/1.6.7/springdoc-openapi-webmvc-core-1.6.7.jar:/Users/santanu/.m2/repository/org/springdoc/springdoc-openapi-common/1.6.7/springdoc-openapi-common-1.6.7.jar:/Users/santanu/.m2/repository/io/swagger/core/v3/swagger-core/2.2.0/swagger-core-2.2.0.jar:/Users/santanu/.m2/repository/io/swagger/core/v3/swagger-annotations/2.2.0/swagger-annotations-2.2.0.jar:/Users/santanu/.m2/repository/io/swagger/core/v3/swagger-models/2.2.0/swagger-models-2.2.0.jar:/Users/santanu/.m2/repository/jakarta/validation/jakarta.validation-api/3.0.2/jakarta.validation-api-3.0.2.jar:/Users/santanu/.m2/repository/org/webjars/swagger-ui/4.10.3/swagger-ui-4.10.3.jar:/Users/santanu/.m2/repository/org/webjars/webjars-locator-core/0.52/webjars-locator-core-0.52.jar:/Users/santanu/.m2/repository/org/slf4j/slf4j-api/2.0.6/slf4j-api-2.0.6.jar:/Users/santanu/.m2/repository/com/fasterxml/jackson/core/jackson-core/2.14.1/jackson-core-2.14.1.jar:/Users/santanu/.m2/repository/io/github/classgraph/classgraph/4.8.143/classgraph-4.8.143.jar:/Users/santanu/.m2/repository/org/springframework/boot/spring-boot-starter-test/3.0.1/spring-boot-starter-test-3.0.1.jar:/Users/santanu/.m2/repository/org/springframework/boot/spring-boot-test/3.0.1/spring-boot-test-3.0.1.jar:/Users/santanu/.m2/repository/org/springframework/boot/spring-boot-test-autoconfigure/3.0.1/spring-boot-test-autoconfigure-3.0.1.jar:/Users/santanu/.m2/repository/com/jayway/jsonpath/json-path/2.7.0/json-path-2.7.0.jar:/Users/santanu/.m2/repository/net/minidev/json-smart/2.4.8/json-smart-2.4.8.jar:/Users/santanu/.m2/repository/net/minidev/accessors-smart/2.4.8/accessors-smart-2.4.8.jar:/Users/santanu/.m2/repository/jakarta/xml/bind/jakarta.xml.bind-api/4.0.0/jakarta.xml.bind-api-4.0.0.jar:/Users/santanu/.m2/repository/jakarta/activation/jakarta.activation-api/2.1.0/jakarta.activation-api-2.1.0.jar:/Users/santanu/.m2/repository/org/assertj/assertj-core/3.23.1/assertj-core-3.23.1.jar:/Users/santanu/.m2/repository/net/bytebuddy/byte-buddy/1.12.20/byte-buddy-1.12.20.jar:/Users/santanu/.m2/repository/org/hamcrest/hamcrest/2.2/hamcrest-2.2.jar:/Users/santanu/.m2/repository/org/junit/jupiter/junit-jupiter/5.9.1/junit-jupiter-5.9.1.jar:/Users/santanu/.m2/repository/org/junit/jupiter/junit-jupiter-api/5.9.1/junit-jupiter-api-5.9.1.jar:/Users/santanu/.m2/repository/org/opentest4j/opentest4j/1.2.0/opentest4j-1.2.0.jar:/Users/santanu/.m2/repository/org/junit/platform/junit-platform-commons/1.9.1/junit-platform-commons-1.9.1.jar:/Users/santanu/.m2/repository/org/apiguardian/apiguardian-api/1.1.2/apiguardian-api-1.1.2.jar:/Users/santanu/.m2/repository/org/junit/jupiter/junit-jupiter-params/5.9.1/junit-jupiter-params-5.9.1.jar:/Users/santanu/.m2/repository/org/junit/jupiter/junit-jupiter-engine/5.9.1/junit-jupiter-engine-5.9.1.jar:/Users/santanu/.m2/repository/org/junit/platform/junit-platform-engine/1.9.1/junit-platform-engine-1.9.1.jar:/Users/santanu/.m2/repository/org/mockito/mockito-core/4.8.1/mockito-core-4.8.1.jar:/Users/santanu/.m2/repository/net/bytebuddy/byte-buddy-agent/1.12.20/byte-buddy-agent-1.12.20.jar:/Users/santanu/.m2/repository/org/objenesis/objenesis/3.2/objenesis-3.2.jar:/Users/santanu/.m2/repository/org/mockito/mockito-junit-jupiter/4.8.1/mockito-junit-jupiter-4.8.1.jar:/Users/santanu/.m2/repository/org/skyscreamer/jsonassert/1.5.1/jsonassert-1.5.1.jar:/Users/santanu/.m2/repository/com/vaadin/external/google/android-json/0.0.20131108.vaadin1/android-json-0.0.20131108.vaadin1.jar:/Users/santanu/.m2/repository/org/springframework/spring-core/6.0.3/spring-core-6.0.3.jar:/Users/santanu/.m2/repository/org/springframework/spring-jcl/6.0.3/spring-jcl-6.0.3.jar:/Users/santanu/.m2/repository/org/springframework/spring-test/6.0.3/spring-test-6.0.3.jar:/Users/santanu/.m2/repository/org/xmlunit/xmlunit-core/2.9.0/xmlunit-core-2.9.0.jar:/Users/santanu/.m2/repository/org/springframework/cloud/spring-cloud-starter-contract-verifier/4.0.0/spring-cloud-starter-contract-verifier-4.0.0.jar:/Users/santanu/.m2/repository/org/springframework/cloud/spring-cloud-contract-verifier/4.0.0/spring-cloud-contract-verifier-4.0.0.jar:/Users/santanu/.m2/repository/org/springframework/cloud/spring-cloud-contract-spec/4.0.0/spring-cloud-contract-spec-4.0.0.jar:/Users/santanu/.m2/repository/org/springframework/cloud/spring-cloud-contract-spec-java/4.0.0/spring-cloud-contract-spec-java-4.0.0.jar:/Users/santanu/.m2/repository/dk/brics/automaton/1.12-4/automaton-1.12-4.jar:/Users/santanu/.m2/repository/org/springframework/cloud/spring-cloud-contract-spec-groovy/4.0.0/spring-cloud-contract-spec-groovy-4.0.0.jar:/Users/santanu/.m2/repository/org/springframework/cloud/spring-cloud-contract-shade/4.0.0/spring-cloud-contract-shade-4.0.0.jar:/Users/santanu/.m2/repository/org/apache/commons/commons-text/1.10.0/commons-text-1.10.0.jar:/Users/santanu/.m2/repository/org/apache/commons/commons-lang3/3.12.0/commons-lang3-3.12.0.jar:/Users/santanu/.m2/repository/javax/inject/javax.inject/1/javax.inject-1.jar:/Users/santanu/.m2/repository/com/github/tomakehurst/wiremock-jre8-standalone/2.35.0/wiremock-jre8-standalone-2.35.0.jar:/Users/santanu/.m2/repository/org/apache/maven/resolver/maven-resolver-api/1.4.1/maven-resolver-api-1.4.1.jar:/Users/santanu/.m2/repository/com/rackspace/eclipse/webtools/sourceediting/org.eclipse.wst.xml.xpath2.processor/2.1.100/org.eclipse.wst.xml.xpath2.processor-2.1.100.jar:/Users/santanu/.m2/repository/edu/princeton/cup/java-cup/10k/java-cup-10k.jar:/Users/santanu/.m2/repository/com/ibm/icu/icu4j/4.6/icu4j-4.6.jar:/Users/santanu/.m2/repository/org/apache/groovy/groovy/4.0.6/groovy-4.0.6.jar:/Users/santanu/.m2/repository/org/apache/groovy/groovy-nio/4.0.6/groovy-nio-4.0.6.jar:/Users/santanu/.m2/repository/org/apache/groovy/groovy-json/4.0.6/groovy-json-4.0.6.jar:/Users/santanu/.m2/repository/org/apache/groovy/groovy-xml/4.0.6/groovy-xml-4.0.6.jar:/Users/santanu/.m2/repository/com/github/jknack/handlebars/4.3.0/handlebars-4.3.0.jar:/Users/santanu/.m2/repository/commons-beanutils/commons-beanutils/1.9.4/commons-beanutils-1.9.4.jar:/Users/santanu/.m2/repository/commons-logging/commons-logging/1.2/commons-logging-1.2.jar:/Users/santanu/.m2/repository/commons-collections/commons-collections/3.2.2/commons-collections-3.2.2.jar:/Users/santanu/.m2/repository/com/fasterxml/jackson/dataformat/jackson-dataformat-yaml/2.14.1/jackson-dataformat-yaml-2.14.1.jar:/Users/santanu/.m2/repository/net/javacrumbs/json-unit/json-unit-assertj/2.32.0/json-unit-assertj-2.32.0.jar:/Users/santanu/.m2/repository/net/javacrumbs/json-unit/json-unit-core/2.32.0/json-unit-core-2.32.0.jar:/Users/santanu/.m2/repository/org/hamcrest/hamcrest-core/2.2/hamcrest-core-2.2.jar:/Users/santanu/.m2/repository/net/javacrumbs/json-unit/json-unit-json-path/2.32.0/json-unit-json-path-2.32.0.jar:/Users/santanu/.m2/repository/io/rest-assured/rest-assured/5.2.1/rest-assured-5.2.1.jar:/Users/santanu/.m2/repository/org/apache/httpcomponents/httpclient/4.5.14/httpclient-4.5.14.jar:/Users/santanu/.m2/repository/org/apache/httpcomponents/httpcore/4.4.16/httpcore-4.4.16.jar:/Users/santanu/.m2/repository/commons-codec/commons-codec/1.15/commons-codec-1.15.jar:/Users/santanu/.m2/repository/org/apache/httpcomponents/httpmime/4.5.14/httpmime-4.5.14.jar:/Users/santanu/.m2/repository/org/ccil/cowan/tagsoup/tagsoup/1.2.1/tagsoup-1.2.1.jar:/Users/santanu/.m2/repository/io/rest-assured/json-path/5.2.1/json-path-5.2.1.jar:/Users/santanu/.m2/repository/io/rest-assured/rest-assured-common/5.2.1/rest-assured-common-5.2.1.jar:/Users/santanu/.m2/repository/io/rest-assured/xml-path/5.2.1/xml-path-5.2.1.jar:/Users/santanu/.m2/repository/io/rest-assured/spring-mock-mvc/5.2.1/spring-mock-mvc-5.2.1.jar:/Users/santanu/.m2/repository/io/rest-assured/spring-commons/5.2.1/spring-commons-5.2.1.jar:/Users/santanu/.m2/repository/com/toomuchcoding/jsonassert/jsonassert/0.6.2/jsonassert-0.6.2.jar:/Users/santanu/.m2/repository/cglib/cglib/3.3.0/cglib-3.3.0.jar:/Users/santanu/.m2/repository/org/ow2/asm/asm/7.1/asm-7.1.jar:"/>
    <property name="java.vm.vendor" value="Oracle Corporation"/>
    <property name="sun.arch.data.model" value="64"/>
    <property name="java.vendor.url" value="https://java.oracle.com/"/>
    <property name="os.name" value="Mac OS X"/>
    <property name="java.vm.specification.version" value="17"/>
    <property name="sun.java.launcher" value="SUN_STANDARD"/>
    <property name="user.country" value="IN"/>
    <property name="sun.boot.library.path" value="/Library/Java/JavaVirtualMachines/jdk-17.0.1.jdk/Contents/Home/lib"/>
    <property name="sun.java.command" value="/Users/santanu/Home/Workspace/GitHub/spring-cdc/target/surefire/surefirebooter14344844980690091327.jar /Users/santanu/Home/Workspace/GitHub/spring-cdc/target/surefire 2023-01-10T02-21-11_819-jvmRun1 surefire12846165589359309370tmp surefire_08387618961950720520tmp"/>
    <property name="http.nonProxyHosts" value="local|*.local|169.254/16|*.169.254/16"/>
    <property name="jdk.debug" value="release"/>
    <property name="surefire.test.class.path" value="/Users/santanu/Home/Workspace/GitHub/spring-cdc/target/test-classes:/Users/santanu/Home/Workspace/GitHub/spring-cdc/target/classes:/Users/santanu/.m2/repository/org/springframework/boot/spring-boot-starter-web/3.0.1/spring-boot-starter-web-3.0.1.jar:/Users/santanu/.m2/repository/org/springframework/boot/spring-boot-starter/3.0.1/spring-boot-starter-3.0.1.jar:/Users/santanu/.m2/repository/org/springframework/boot/spring-boot/3.0.1/spring-boot-3.0.1.jar:/Users/santanu/.m2/repository/org/springframework/boot/spring-boot-autoconfigure/3.0.1/spring-boot-autoconfigure-3.0.1.jar:/Users/santanu/.m2/repository/org/springframework/boot/spring-boot-starter-logging/3.0.1/spring-boot-starter-logging-3.0.1.jar:/Users/santanu/.m2/repository/ch/qos/logback/logback-classic/1.4.5/logback-classic-1.4.5.jar:/Users/santanu/.m2/repository/ch/qos/logback/logback-core/1.4.5/logback-core-1.4.5.jar:/Users/santanu/.m2/repository/org/apache/logging/log4j/log4j-to-slf4j/2.19.0/log4j-to-slf4j-2.19.0.jar:/Users/santanu/.m2/repository/org/apache/logging/log4j/log4j-api/2.19.0/log4j-api-2.19.0.jar:/Users/santanu/.m2/repository/org/slf4j/jul-to-slf4j/2.0.6/jul-to-slf4j-2.0.6.jar:/Users/santanu/.m2/repository/jakarta/annotation/jakarta.annotation-api/2.1.1/jakarta.annotation-api-2.1.1.jar:/Users/santanu/.m2/repository/org/yaml/snakeyaml/1.33/snakeyaml-1.33.jar:/Users/santanu/.m2/repository/org/springframework/boot/spring-boot-starter-json/3.0.1/spring-boot-starter-json-3.0.1.jar:/Users/santanu/.m2/repository/com/fasterxml/jackson/core/jackson-databind/2.14.1/jackson-databind-2.14.1.jar:/Users/santanu/.m2/repository/com/fasterxml/jackson/core/jackson-annotations/2.14.1/jackson-annotations-2.14.1.jar:/Users/santanu/.m2/repository/com/fasterxml/jackson/datatype/jackson-datatype-jdk8/2.14.1/jackson-datatype-jdk8-2.14.1.jar:/Users/santanu/.m2/repository/com/fasterxml/jackson/datatype/jackson-datatype-jsr310/2.14.1/jackson-datatype-jsr310-2.14.1.jar:/Users/santanu/.m2/repository/com/fasterxml/jackson/module/jackson-module-parameter-names/2.14.1/jackson-module-parameter-names-2.14.1.jar:/Users/santanu/.m2/repository/org/springframework/boot/spring-boot-starter-tomcat/3.0.1/spring-boot-starter-tomcat-3.0.1.jar:/Users/santanu/.m2/repository/org/apache/tomcat/embed/tomcat-embed-core/10.1.4/tomcat-embed-core-10.1.4.jar:/Users/santanu/.m2/repository/org/apache/tomcat/embed/tomcat-embed-el/10.1.4/tomcat-embed-el-10.1.4.jar:/Users/santanu/.m2/repository/org/apache/tomcat/embed/tomcat-embed-websocket/10.1.4/tomcat-embed-websocket-10.1.4.jar:/Users/santanu/.m2/repository/org/springframework/spring-web/6.0.3/spring-web-6.0.3.jar:/Users/santanu/.m2/repository/org/springframework/spring-beans/6.0.3/spring-beans-6.0.3.jar:/Users/santanu/.m2/repository/io/micrometer/micrometer-observation/1.10.2/micrometer-observation-1.10.2.jar:/Users/santanu/.m2/repository/io/micrometer/micrometer-commons/1.10.2/micrometer-commons-1.10.2.jar:/Users/santanu/.m2/repository/org/springframework/spring-webmvc/6.0.3/spring-webmvc-6.0.3.jar:/Users/santanu/.m2/repository/org/springframework/spring-aop/6.0.3/spring-aop-6.0.3.jar:/Users/santanu/.m2/repository/org/springframework/spring-context/6.0.3/spring-context-6.0.3.jar:/Users/santanu/.m2/repository/org/springframework/spring-expression/6.0.3/spring-expression-6.0.3.jar:/Users/santanu/.m2/repository/org/projectlombok/lombok/1.18.24/lombok-1.18.24.jar:/Users/santanu/.m2/repository/org/springdoc/springdoc-openapi-ui/1.6.7/springdoc-openapi-ui-1.6.7.jar:/Users/santanu/.m2/repository/org/springdoc/springdoc-openapi-webmvc-core/1.6.7/springdoc-openapi-webmvc-core-1.6.7.jar:/Users/santanu/.m2/repository/org/springdoc/springdoc-openapi-common/1.6.7/springdoc-openapi-common-1.6.7.jar:/Users/santanu/.m2/repository/io/swagger/core/v3/swagger-core/2.2.0/swagger-core-2.2.0.jar:/Users/santanu/.m2/repository/io/swagger/core/v3/swagger-annotations/2.2.0/swagger-annotations-2.2.0.jar:/Users/santanu/.m2/repository/io/swagger/core/v3/swagger-models/2.2.0/swagger-models-2.2.0.jar:/Users/santanu/.m2/repository/jakarta/validation/jakarta.validation-api/3.0.2/jakarta.validation-api-3.0.2.jar:/Users/santanu/.m2/repository/org/webjars/swagger-ui/4.10.3/swagger-ui-4.10.3.jar:/Users/santanu/.m2/repository/org/webjars/webjars-locator-core/0.52/webjars-locator-core-0.52.jar:/Users/santanu/.m2/repository/org/slf4j/slf4j-api/2.0.6/slf4j-api-2.0.6.jar:/Users/santanu/.m2/repository/com/fasterxml/jackson/core/jackson-core/2.14.1/jackson-core-2.14.1.jar:/Users/santanu/.m2/repository/io/github/classgraph/classgraph/4.8.143/classgraph-4.8.143.jar:/Users/santanu/.m2/repository/org/springframework/boot/spring-boot-starter-test/3.0.1/spring-boot-starter-test-3.0.1.jar:/Users/santanu/.m2/repository/org/springframework/boot/spring-boot-test/3.0.1/spring-boot-test-3.0.1.jar:/Users/santanu/.m2/repository/org/springframework/boot/spring-boot-test-autoconfigure/3.0.1/spring-boot-test-autoconfigure-3.0.1.jar:/Users/santanu/.m2/repository/com/jayway/jsonpath/json-path/2.7.0/json-path-2.7.0.jar:/Users/santanu/.m2/repository/net/minidev/json-smart/2.4.8/json-smart-2.4.8.jar:/Users/santanu/.m2/repository/net/minidev/accessors-smart/2.4.8/accessors-smart-2.4.8.jar:/Users/santanu/.m2/repository/jakarta/xml/bind/jakarta.xml.bind-api/4.0.0/jakarta.xml.bind-api-4.0.0.jar:/Users/santanu/.m2/repository/jakarta/activation/jakarta.activation-api/2.1.0/jakarta.activation-api-2.1.0.jar:/Users/santanu/.m2/repository/org/assertj/assertj-core/3.23.1/assertj-core-3.23.1.jar:/Users/santanu/.m2/repository/net/bytebuddy/byte-buddy/1.12.20/byte-buddy-1.12.20.jar:/Users/santanu/.m2/repository/org/hamcrest/hamcrest/2.2/hamcrest-2.2.jar:/Users/santanu/.m2/repository/org/junit/jupiter/junit-jupiter/5.9.1/junit-jupiter-5.9.1.jar:/Users/santanu/.m2/repository/org/junit/jupiter/junit-jupiter-api/5.9.1/junit-jupiter-api-5.9.1.jar:/Users/santanu/.m2/repository/org/opentest4j/opentest4j/1.2.0/opentest4j-1.2.0.jar:/Users/santanu/.m2/repository/org/junit/platform/junit-platform-commons/1.9.1/junit-platform-commons-1.9.1.jar:/Users/santanu/.m2/repository/org/apiguardian/apiguardian-api/1.1.2/apiguardian-api-1.1.2.jar:/Users/santanu/.m2/repository/org/junit/jupiter/junit-jupiter-params/5.9.1/junit-jupiter-params-5.9.1.jar:/Users/santanu/.m2/repository/org/junit/jupiter/junit-jupiter-engine/5.9.1/junit-jupiter-engine-5.9.1.jar:/Users/santanu/.m2/repository/org/junit/platform/junit-platform-engine/1.9.1/junit-platform-engine-1.9.1.jar:/Users/santanu/.m2/repository/org/mockito/mockito-core/4.8.1/mockito-core-4.8.1.jar:/Users/santanu/.m2/repository/net/bytebuddy/byte-buddy-agent/1.12.20/byte-buddy-agent-1.12.20.jar:/Users/santanu/.m2/repository/org/objenesis/objenesis/3.2/objenesis-3.2.jar:/Users/santanu/.m2/repository/org/mockito/mockito-junit-jupiter/4.8.1/mockito-junit-jupiter-4.8.1.jar:/Users/santanu/.m2/repository/org/skyscreamer/jsonassert/1.5.1/jsonassert-1.5.1.jar:/Users/santanu/.m2/repository/com/vaadin/external/google/android-json/0.0.20131108.vaadin1/android-json-0.0.20131108.vaadin1.jar:/Users/santanu/.m2/repository/org/springframework/spring-core/6.0.3/spring-core-6.0.3.jar:/Users/santanu/.m2/repository/org/springframework/spring-jcl/6.0.3/spring-jcl-6.0.3.jar:/Users/santanu/.m2/repository/org/springframework/spring-test/6.0.3/spring-test-6.0.3.jar:/Users/santanu/.m2/repository/org/xmlunit/xmlunit-core/2.9.0/xmlunit-core-2.9.0.jar:/Users/santanu/.m2/repository/org/springframework/cloud/spring-cloud-starter-contract-verifier/4.0.0/spring-cloud-starter-contract-verifier-4.0.0.jar:/Users/santanu/.m2/repository/org/springframework/cloud/spring-cloud-contract-verifier/4.0.0/spring-cloud-contract-verifier-4.0.0.jar:/Users/santanu/.m2/repository/org/springframework/cloud/spring-cloud-contract-spec/4.0.0/spring-cloud-contract-spec-4.0.0.jar:/Users/santanu/.m2/repository/org/springframework/cloud/spring-cloud-contract-spec-java/4.0.0/spring-cloud-contract-spec-java-4.0.0.jar:/Users/santanu/.m2/repository/dk/brics/automaton/1.12-4/automaton-1.12-4.jar:/Users/santanu/.m2/repository/org/springframework/cloud/spring-cloud-contract-spec-groovy/4.0.0/spring-cloud-contract-spec-groovy-4.0.0.jar:/Users/santanu/.m2/repository/org/springframework/cloud/spring-cloud-contract-shade/4.0.0/spring-cloud-contract-shade-4.0.0.jar:/Users/santanu/.m2/repository/org/apache/commons/commons-text/1.10.0/commons-text-1.10.0.jar:/Users/santanu/.m2/repository/org/apache/commons/commons-lang3/3.12.0/commons-lang3-3.12.0.jar:/Users/santanu/.m2/repository/javax/inject/javax.inject/1/javax.inject-1.jar:/Users/santanu/.m2/repository/com/github/tomakehurst/wiremock-jre8-standalone/2.35.0/wiremock-jre8-standalone-2.35.0.jar:/Users/santanu/.m2/repository/org/apache/maven/resolver/maven-resolver-api/1.4.1/maven-resolver-api-1.4.1.jar:/Users/santanu/.m2/repository/com/rackspace/eclipse/webtools/sourceediting/org.eclipse.wst.xml.xpath2.processor/2.1.100/org.eclipse.wst.xml.xpath2.processor-2.1.100.jar:/Users/santanu/.m2/repository/edu/princeton/cup/java-cup/10k/java-cup-10k.jar:/Users/santanu/.m2/repository/com/ibm/icu/icu4j/4.6/icu4j-4.6.jar:/Users/santanu/.m2/repository/org/apache/groovy/groovy/4.0.6/groovy-4.0.6.jar:/Users/santanu/.m2/repository/org/apache/groovy/groovy-nio/4.0.6/groovy-nio-4.0.6.jar:/Users/santanu/.m2/repository/org/apache/groovy/groovy-json/4.0.6/groovy-json-4.0.6.jar:/Users/santanu/.m2/repository/org/apache/groovy/groovy-xml/4.0.6/groovy-xml-4.0.6.jar:/Users/santanu/.m2/repository/com/github/jknack/handlebars/4.3.0/handlebars-4.3.0.jar:/Users/santanu/.m2/repository/commons-beanutils/commons-beanutils/1.9.4/commons-beanutils-1.9.4.jar:/Users/santanu/.m2/repository/commons-logging/commons-logging/1.2/commons-logging-1.2.jar:/Users/santanu/.m2/repository/commons-collections/commons-collections/3.2.2/commons-collections-3.2.2.jar:/Users/santanu/.m2/repository/com/fasterxml/jackson/dataformat/jackson-dataformat-yaml/2.14.1/jackson-dataformat-yaml-2.14.1.jar:/Users/santanu/.m2/repository/net/javacrumbs/json-unit/json-unit-assertj/2.32.0/json-unit-assertj-2.32.0.jar:/Users/santanu/.m2/repository/net/javacrumbs/json-unit/json-unit-core/2.32.0/json-unit-core-2.32.0.jar:/Users/santanu/.m2/repository/org/hamcrest/hamcrest-core/2.2/hamcrest-core-2.2.jar:/Users/santanu/.m2/repository/net/javacrumbs/json-unit/json-unit-json-path/2.32.0/json-unit-json-path-2.32.0.jar:/Users/santanu/.m2/repository/io/rest-assured/rest-assured/5.2.1/rest-assured-5.2.1.jar:/Users/santanu/.m2/repository/org/apache/httpcomponents/httpclient/4.5.14/httpclient-4.5.14.jar:/Users/santanu/.m2/repository/org/apache/httpcomponents/httpcore/4.4.16/httpcore-4.4.16.jar:/Users/santanu/.m2/repository/commons-codec/commons-codec/1.15/commons-codec-1.15.jar:/Users/santanu/.m2/repository/org/apache/httpcomponents/httpmime/4.5.14/httpmime-4.5.14.jar:/Users/santanu/.m2/repository/org/ccil/cowan/tagsoup/tagsoup/1.2.1/tagsoup-1.2.1.jar:/Users/santanu/.m2/repository/io/rest-assured/json-path/5.2.1/json-path-5.2.1.jar:/Users/santanu/.m2/repository/io/rest-assured/rest-assured-common/5.2.1/rest-assured-common-5.2.1.jar:/Users/santanu/.m2/repository/io/rest-assured/xml-path/5.2.1/xml-path-5.2.1.jar:/Users/santanu/.m2/repository/io/rest-assured/spring-mock-mvc/5.2.1/spring-mock-mvc-5.2.1.jar:/Users/santanu/.m2/repository/io/rest-assured/spring-commons/5.2.1/spring-commons-5.2.1.jar:/Users/santanu/.m2/repository/com/toomuchcoding/jsonassert/jsonassert/0.6.2/jsonassert-0.6.2.jar:/Users/santanu/.m2/repository/cglib/cglib/3.3.0/cglib-3.3.0.jar:/Users/santanu/.m2/repository/org/ow2/asm/asm/7.1/asm-7.1.jar:"/>
    <property name="sun.cpu.endian" value="little"/>
    <property name="user.home" value="/Users/santanu"/>
    <property name="user.language" value="en"/>
    <property name="java.specification.vendor" value="Oracle Corporation"/>
    <property name="java.version.date" value="2021-10-19"/>
    <property name="java.home" value="/Library/Java/JavaVirtualMachines/jdk-17.0.1.jdk/Contents/Home"/>
    <property name="file.separator" value="/"/>
    <property name="basedir" value="/Users/santanu/Home/Workspace/GitHub/spring-cdc"/>
    <property name="java.vm.compressedOopsMode" value="Zero based"/>
    <property name="line.separator" value="&#10;"/>
    <property name="java.specification.name" value="Java Platform API Specification"/>
    <property name="java.vm.specification.vendor" value="Oracle Corporation"/>
    <property name="surefire.real.class.path" value="/Users/santanu/Home/Workspace/GitHub/spring-cdc/target/surefire/surefirebooter14344844980690091327.jar"/>
    <property name="sun.management.compiler" value="HotSpot 64-Bit Tiered Compilers"/>
    <property name="ftp.nonProxyHosts" value="local|*.local|169.254/16|*.169.254/16"/>
    <property name="java.runtime.version" value="17.0.1+12-LTS-39"/>
    <property name="user.name" value="santanu"/>
    <property name="path.separator" value=":"/>
    <property name="os.version" value="13.0"/>
    <property name="java.runtime.name" value="Java(TM) SE Runtime Environment"/>
    <property name="file.encoding" value="US-ASCII"/>
    <property name="java.vm.name" value="Java HotSpot(TM) 64-Bit Server VM"/>
    <property name="localRepository" value="/Users/santanu/.m2/repository"/>
    <property name="java.vendor.url.bug" value="https://bugreport.java.com/bugreport/"/>
    <property name="java.io.tmpdir" value="/var/folders/s5/94t_xtt139dgq48wg6w5pk880000gn/T/"/>
    <property name="idea.version" value="2021.3.3"/>
    <property name="java.version" value="17.0.1"/>
    <property name="user.dir" value="/Users/santanu/Home/Workspace/GitHub/spring-cdc"/>
    <property name="os.arch" value="aarch64"/>
    <property name="java.vm.specification.name" value="Java Virtual Machine Specification"/>
    <property name="native.encoding" value="US-ASCII"/>
    <property name="java.library.path" value="/Users/santanu/Library/Java/Extensions:/Library/Java/Extensions:/Network/Library/Java/Extensions:/System/Library/Java/Extensions:/usr/lib/java:."/>
    <property name="java.vm.info" value="mixed mode, sharing"/>
    <property name="java.vendor" value="Oracle Corporation"/>
    <property name="java.vm.version" value="17.0.1+12-LTS-39"/>
    <property name="sun.io.unicode.encoding" value="UnicodeBig"/>
    <property name="socksNonProxyHosts" value="local|*.local|169.254/16|*.169.254/16"/>
    <property name="java.class.version" value="61.0"/>
  </properties>
  <testcase name="validate_get_users_contract" classname="com.scode.contractTest.ContractVerifierTest" time="0.189"/>
</testsuite>